  algo_v.cpp
  DiGraph.cpp
d:\workspace\visualstudio\topsort\topsort\topsort\digraph.cpp(125): warning C4267: “参数”: 从“size_t”转换到“const _Ty”，可能丢失数据
          with
          [
              _Ty=int
          ]
  main.cpp
d:\workspace\visualstudio\topsort\topsort\topsort\sort_four.h : warning C4819: 该文件包含不能在当前代码页(936)中表示的字符。请将该文件保存为 Unicode 格式以防止数据丢失
d:\workspace\visualstudio\topsort\topsort\topsort\sort_four.h(20): warning C4267: “初始化”: 从“size_t”转换到“int”，可能丢失数据
d:\workspace\visualstudio\topsort\topsort\topsort\sort_four.h(58): warning C4267: “初始化”: 从“size_t”转换到“int”，可能丢失数据
d:\workspace\visualstudio\topsort\topsort\topsort\sort_four.h(88): warning C4267: “初始化”: 从“size_t”转换到“int”，可能丢失数据
d:\workspace\visualstudio\topsort\topsort\topsort\sort_four.h(132): warning C4267: “初始化”: 从“size_t”转换到“int”，可能丢失数据
d:\workspace\visualstudio\topsort\topsort\topsort\sort_four.h(188): warning C4267: “初始化”: 从“size_t”转换到“int”，可能丢失数据
  正在生成代码
  711 of 1285 functions (55.3%) were compiled, the rest were copied from previous compilation.
    322 functions were new in current compilation
    39 functions had inline decision re-evaluated but remain unchanged
  已完成代码的生成
  TopSort.vcxproj -> D:\workspace\VisualStudio\TopSort\TopSort\x64\Release\TopSort.exe
